
-----
Test: test_clean_cart.py::test_empty_cart (call)
Start time: 2022-08-25 18:58:11.545079
Start name method: click_menu_catalog

End time: 2022-08-25 18:58:11.917652
End name method: click_menu_catalog
URL: https://leonardo.ru/ishop/

-----

-----
Test: test_clean_cart.py::test_empty_cart (call)
Start time: 2022-08-25 18:58:13.418713
Start name method: hover_menu_catalog

End time: 2022-08-25 18:58:14.694903
End name method: hover_menu_catalog
URL: https://leonardo.ru/ishop/

-----

-----
Test: test_clean_cart.py::test_empty_cart (call)
Start time: 2022-08-25 18:58:14.694903
Start name method: hover_link_for_school

End time: 2022-08-25 18:58:15.492889
End name method: hover_link_for_school
URL: https://leonardo.ru/ishop/

-----

-----
Test: test_clean_cart.py::test_empty_cart (call)
Start time: 2022-08-25 18:58:15.493888
Start name method: hover_link_for_artists

End time: 2022-08-25 18:58:16.280720
End name method: hover_link_for_artists
URL: https://leonardo.ru/ishop/

-----

-----
Test: test_clean_cart.py::test_empty_cart (call)
Start time: 2022-08-25 18:58:16.280720
Start name method: click_link_paints

End time: 2022-08-25 18:58:17.241608
End name method: click_link_paints
URL: https://leonardo.ru/ishop/tree_3780269209/

-----

-----
Test: test_clean_cart.py::test_empty_cart (call)
Start time: 2022-08-25 18:58:18.074377
Start name method: add_item_into_cart

End time: 2022-08-25 18:58:22.945349
End name method: add_item_into_cart
URL: https://leonardo.ru/cart/

-----

-----
Test: test_clean_cart.py::test_empty_cart (call)
Start time: 2022-08-25 18:58:24.627722
Start name method: throw_item_from_cart

End time: 2022-08-25 18:58:27.263828
End name method: throw_item_from_cart
URL: https://leonardo.ru/cart/

-----
